May 29, 2020 7:29:45 AM INFO: Could not connect to the repository OT4I GitHub Pattern Repository located at 'http://ot4i.github.io/iib-patterns/en/repo_metadata.json'.
May 29, 2020 7:29:45 AM INFO: Could not connect to the repository Experimental OT4I GitHub Pattern Repository located at 'http://ot4i.github.io/iib-patterns/en/experimental/repo_metadata.json'.
Jun 1, 2020 7:56:36 AM INFO: Could not connect to the repository OT4I GitHub Pattern Repository located at 'http://ot4i.github.io/iib-patterns/en/repo_metadata.json'.
Jun 1, 2020 7:56:36 AM INFO: Could not connect to the repository Experimental OT4I GitHub Pattern Repository located at 'http://ot4i.github.io/iib-patterns/en/experimental/repo_metadata.json'.
Jun 16, 2020 8:47:32 AM INFO: Could not connect to the repository OT4I GitHub Pattern Repository located at 'http://ot4i.github.io/iib-patterns/en/repo_metadata.json'.
Jun 16, 2020 8:47:32 AM INFO: Could not connect to the repository Experimental OT4I GitHub Pattern Repository located at 'http://ot4i.github.io/iib-patterns/en/experimental/repo_metadata.json'.
Jun 25, 2020 6:37:31 PM INFO: Could not connect to the repository OT4I GitHub Pattern Repository located at 'http://ot4i.github.io/iib-patterns/en/repo_metadata.json'.
Jun 25, 2020 6:37:31 PM INFO: Could not connect to the repository Experimental OT4I GitHub Pattern Repository located at 'http://ot4i.github.io/iib-patterns/en/experimental/repo_metadata.json'.
Jul 4, 2020 3:33:41 PM INFO: Could not connect to the repository OT4I GitHub Pattern Repository located at 'http://ot4i.github.io/iib-patterns/en/repo_metadata.json'.
Jul 4, 2020 3:33:41 PM INFO: Could not connect to the repository Experimental OT4I GitHub Pattern Repository located at 'http://ot4i.github.io/iib-patterns/en/experimental/repo_metadata.json'.
Jul 17, 2020 8:18:33 AM INFO: Could not connect to the repository OT4I GitHub Pattern Repository located at 'http://ot4i.github.io/iib-patterns/en/repo_metadata.json'.
Jul 17, 2020 8:18:33 AM INFO: Could not connect to the repository Experimental OT4I GitHub Pattern Repository located at 'http://ot4i.github.io/iib-patterns/en/experimental/repo_metadata.json'.
Oct 7, 2020 1:32:06 PM INFO: Could not connect to the repository OT4I GitHub Pattern Repository located at 'http://ot4i.github.io/iib-patterns/en/repo_metadata.json'.
Oct 7, 2020 1:32:06 PM INFO: Could not connect to the repository Experimental OT4I GitHub Pattern Repository located at 'http://ot4i.github.io/iib-patterns/en/experimental/repo_metadata.json'.
Oct 7, 2020 1:38:21 PM INFO: Could not connect to the repository OT4I GitHub Pattern Repository located at 'http://ot4i.github.io/iib-patterns/en/repo_metadata.json'.
Oct 7, 2020 1:38:21 PM INFO: Could not connect to the repository Experimental OT4I GitHub Pattern Repository located at 'http://ot4i.github.io/iib-patterns/en/experimental/repo_metadata.json'.
Oct 12, 2020 9:30:03 AM INFO: Could not connect to the repository OT4I GitHub Pattern Repository located at 'http://ot4i.github.io/iib-patterns/en/repo_metadata.json'.
Oct 12, 2020 9:30:03 AM INFO: Could not connect to the repository Experimental OT4I GitHub Pattern Repository located at 'http://ot4i.github.io/iib-patterns/en/experimental/repo_metadata.json'.
Oct 16, 2020 11:31:06 AM INFO: Could not connect to the repository OT4I GitHub Pattern Repository located at 'http://ot4i.github.io/iib-patterns/en/repo_metadata.json'.
Oct 16, 2020 11:31:06 AM INFO: Could not connect to the repository Experimental OT4I GitHub Pattern Repository located at 'http://ot4i.github.io/iib-patterns/en/experimental/repo_metadata.json'.
