!ENTRY 11/3/20 12:49 PM
!MESSAGE Argument not valid
!STACK
java.lang.IllegalArgumentException: Argument not valid
	at org.eclipse.swt.SWT.error(SWT.java:4349)
	at org.eclipse.swt.SWT.error(SWT.java:4283)
	at org.eclipse.swt.SWT.error(SWT.java:4254)
	at com.ibm.lpex.alef.DocumentAdapter.getDocOffset(DocumentAdapter.java:743)
	at com.ibm.lpex.alef.DocumentAdapter.getDocOffset(DocumentAdapter.java:789)
	at com.ibm.lpex.alef.LpexTextViewer.getSelectedRange(LpexTextViewer.java:2368)
	at com.ibm.lpex.alef.LpexTextViewer.getSelection(LpexTextViewer.java:2589)
	at com.ibm.lpex.alef.LpexAbstractTextEditor$21.documentChanged(LpexAbstractTextEditor.java:2843)
	at com.ibm.lpex.core.DocumentListenerList.issueNotification(DocumentListenerList.java:153)
	at com.ibm.lpex.core.DocumentListenerList.documentChanged(DocumentListenerList.java:141)
	at com.ibm.lpex.core.Document.triggerTextListeners(Document.java:1678)
	at com.ibm.lpex.core.Document.elementRemoved(Document.java:887)
	at com.ibm.lpex.core.ElementList.remove(ElementList.java:440)
	at com.ibm.lpex.core.View.deleteElement(View.java:3963)
	at com.ibm.lpex.core.Block.deleteElements(Block.java:956)
	at com.ibm.lpex.core.Block.delete(Block.java:859)
	at com.ibm.lpex.core.View.tryToDeleteStreamBlock(View.java:1830)
	at com.ibm.lpex.core.View.backSpace(View.java:4370)
	at com.ibm.lpex.core.ActionUtilities.doDefaultAction(ActionUtilities.java:685)
	at com.ibm.lpex.core.ActionHandler.doActionIfAvailable(ActionHandler.java:2192)
	at com.ibm.lpex.core.ActionHandler.doKeyEvent(ActionHandler.java:1160)
	at com.ibm.lpex.core.TextWindow.processKeyEvent(TextWindow.java:1288)
	at com.ibm.lpex.core.TextWindow.access$19(TextWindow.java:1208)
	at com.ibm.lpex.core.TextWindow$7.handleEvent(TextWindow.java:318)
	at org.eclipse.swt.widgets.EventTable.sendEvent(EventTable.java:84)
	at org.eclipse.swt.widgets.Widget.sendEvent(Widget.java:1053)
	at org.eclipse.swt.widgets.Widget.sendEvent(Widget.java:1077)
	at org.eclipse.swt.widgets.Widget.sendEvent(Widget.java:1062)
	at org.eclipse.swt.widgets.Widget.sendKeyEvent(Widget.java:1104)
	at org.eclipse.swt.widgets.Widget.sendKeyEvent(Widget.java:1100)
	at org.eclipse.swt.widgets.Widget.wmChar(Widget.java:1521)
	at org.eclipse.swt.widgets.Control.WM_CHAR(Control.java:4640)
	at org.eclipse.swt.widgets.Canvas.WM_CHAR(Canvas.java:345)
	at org.eclipse.swt.widgets.Control.windowProc(Control.java:4528)
	at org.eclipse.swt.widgets.Canvas.windowProc(Canvas.java:341)
	at org.eclipse.swt.widgets.Display.windowProc(Display.java:4977)
	at org.eclipse.swt.internal.win32.OS.DispatchMessageW(Native Method)
	at org.eclipse.swt.internal.win32.OS.DispatchMessage(OS.java:2547)
	at org.eclipse.swt.widgets.Display.readAndDispatch(Display.java:3757)
	at org.eclipse.e4.ui.internal.workbench.swt.PartRenderingEngine$9.run(PartRenderingEngine.java:1054)
	at org.eclipse.core.databinding.observable.Realm.runWithDefault(Realm.java:332)
	at org.eclipse.e4.ui.internal.workbench.swt.PartRenderingEngine.run(PartRenderingEngine.java:943)
	at org.eclipse.e4.ui.internal.workbench.E4Workbench.createAndRunUI(E4Workbench.java:88)
	at org.eclipse.ui.internal.Workbench$5.run(Workbench.java:589)
	at org.eclipse.core.databinding.observable.Realm.runWithDefault(Realm.java:332)
	at org.eclipse.ui.internal.Workbench.createAndRunWorkbench(Workbench.java:543)
	at org.eclipse.ui.PlatformUI.createAndRunWorkbench(PlatformUI.java:149)
	at org.eclipse.ui.internal.ide.application.IDEApplication.start(IDEApplication.java:124)
	at org.eclipse.equinox.internal.app.EclipseAppHandle.run(EclipseAppHandle.java:196)
	at org.eclipse.core.runtime.internal.adaptor.EclipseAppLauncher.runApplication(EclipseAppLauncher.java:110)
	at org.eclipse.core.runtime.internal.adaptor.EclipseAppLauncher.start(EclipseAppLauncher.java:79)
	at org.eclipse.core.runtime.adaptor.EclipseStarter.run(EclipseStarter.java:353)
	at org.eclipse.core.runtime.adaptor.EclipseStarter.run(EclipseStarter.java:180)
	at sun.reflect.NativeMethodAccessorImpl.invoke0(Native Method)
	at sun.reflect.NativeMethodAccessorImpl.invoke(NativeMethodAccessorImpl.java:90)
	at sun.reflect.DelegatingMethodAccessorImpl.invoke(DelegatingMethodAccessorImpl.java:55)
	at java.lang.reflect.Method.invoke(Method.java:508)
	at org.eclipse.equinox.launcher.Main.invokeFramework(Main.java:629)
	at org.eclipse.equinox.launcher.Main.basicRun(Main.java:584)
	at org.eclipse.equinox.launcher.Main.run(Main.java:1438)
	at org.eclipse.equinox.launcher.Main.main(Main.java:1414)

